<?xml version="1.0" encoding="UTF-8"?>
<!-- Generated by org.testng.reporters.JUnitXMLReporter -->
<testsuite ignored="2" hostname="DESKTOP-DC3TDDU" failures="0" tests="1" name="test2" time="6.401" errors="0" timestamp="2021-09-02T09:20:18 IST">
  <testcase classname="Day_032_TestNG_Groups.AllTests" name="OrangeHRM" time="6.358"/>
  <testcase classname="Day_032_TestNG_Groups.AllTests" name="Google" time="0.0">
    <ignored/>
  </testcase> <!-- Google -->
  <testcase classname="Day_032_TestNG_Groups.AllTests" name="Mercury" time="0.0">
    <ignored/>
  </testcase> <!-- Mercury -->
</testsuite> <!-- test2 -->
