<?xml version="1.0" encoding="UTF-8"?>
<testng-results ignored="0" total="1" passed="1" failed="0" skipped="0">
  <reporter-output>
    <line>
      <![CDATA[Pass- open Orangehrm]]>
    </line>
    <line>
      <![CDATA[Pass- Enter User Name]]>
    </line>
    <line>
      <![CDATA[Pass- Enter Password]]>
    </line>
    <line>
      <![CDATA[Pass- Click on Signin]]>
    </line>
  </reporter-output>
  <suite started-at="2021-08-14T10:06:11 IST" name="Suite" finished-at="2021-08-14T10:06:41 IST" duration-ms="29885">
    <groups>
    </groups>
    <test started-at="2021-08-14T10:06:11 IST" name="Test" finished-at="2021-08-14T10:06:41 IST" duration-ms="29885">
      <class name="Day_008_Emailable_Report.TestExample">
        <test-method signature="Test1()[pri:0, instance:Day_008_Emailable_Report.TestExample@4fb3ee4e]" started-at="2021-08-14T10:06:11 IST" name="Test1" finished-at="2021-08-14T10:06:41 IST" duration-ms="29838" status="PASS">
          <reporter-output>
            <line>
              <![CDATA[Pass- open Orangehrm]]>
            </line>
            <line>
              <![CDATA[Pass- Enter User Name]]>
            </line>
            <line>
              <![CDATA[Pass- Enter Password]]>
            </line>
            <line>
              <![CDATA[Pass- Click on Signin]]>
            </line>
          </reporter-output>
        </test-method> <!-- Test1 -->
      </class> <!-- Day_008_Emailable_Report.TestExample -->
    </test> <!-- Test -->
  </suite> <!-- Suite -->
</testng-results>
