<?xml version="1.0" encoding="UTF-8"?>
<testng-results ignored="0" total="1" passed="1" failed="0" skipped="0">
  <reporter-output>
  </reporter-output>
  <suite started-at="2021-09-04T09:46:04 IST" name="Default suite" finished-at="2021-09-04T09:46:39 IST" duration-ms="35440">
    <groups>
    </groups>
    <test started-at="2021-09-04T09:46:04 IST" name="Default test" finished-at="2021-09-04T09:46:39 IST" duration-ms="35440">
      <class name="Reporter_Example_Word.TC01_Test">
        <test-method signature="Test1()[pri:0, instance:Reporter_Example_Word.TC01_Test@593aaf41]" started-at="2021-09-04T09:46:04 IST" name="Test1" finished-at="2021-09-04T09:46:39 IST" duration-ms="35392" status="PASS">
          <reporter-output>
          </reporter-output>
        </test-method> <!-- Test1 -->
      </class> <!-- Reporter_Example_Word.TC01_Test -->
    </test> <!-- Default test -->
  </suite> <!-- Default suite -->
</testng-results>
